Traceback (most recent call last):
  File "<frozen runpy>", line 198, in _run_module_as_main
  File "<frozen runpy>", line 88, in _run_code
  File "/Users/daniel/.pyenv/versions/3.12.3/lib/python3.12/site-packages/manim/__main__.py", line 101, in <module>
    main()
  File "/Users/daniel/.pyenv/versions/3.12.3/lib/python3.12/site-packages/click/core.py", line 1161, in __call__
    return self.main(*args, **kwargs)
           ^^^^^^^^^^^^^^^^^^^^^^^^^^
  File "/Users/daniel/.pyenv/versions/3.12.3/lib/python3.12/site-packages/click/core.py", line 1082, in main
    rv = self.invoke(ctx)
         ^^^^^^^^^^^^^^^^
  File "/Users/daniel/.pyenv/versions/3.12.3/lib/python3.12/site-packages/click/core.py", line 1697, in invoke
    return _process_result(sub_ctx.command.invoke(sub_ctx))
                           ^^^^^^^^^^^^^^^^^^^^^^^^^^^^^^^
  File "/Users/daniel/.pyenv/versions/3.12.3/lib/python3.12/site-packages/click/core.py", line 1443, in invoke
    return ctx.invoke(self.callback, **ctx.params)
           ^^^^^^^^^^^^^^^^^^^^^^^^^^^^^^^^^^^^^^^
  File "/Users/daniel/.pyenv/versions/3.12.3/lib/python3.12/site-packages/click/core.py", line 788, in invoke
    return __callback(*args, **kwargs)
           ^^^^^^^^^^^^^^^^^^^^^^^^^^^
  File "/Users/daniel/.pyenv/versions/3.12.3/lib/python3.12/site-packages/manim/cli/render/commands.py", line 121, in render
    for SceneClass in scene_classes_from_file(file):
                      ^^^^^^^^^^^^^^^^^^^^^^^^^^^^^
  File "/Users/daniel/.pyenv/versions/3.12.3/lib/python3.12/site-packages/manim/utils/module_ops.py", line 171, in scene_classes_from_file
    module = get_module(file_path)
             ^^^^^^^^^^^^^^^^^^^^^
  File "/Users/daniel/.pyenv/versions/3.12.3/lib/python3.12/site-packages/manim/utils/module_ops.py", line 65, in get_module
    spec.loader.exec_module(module)
  File "<frozen importlib._bootstrap_external>", line 995, in exec_module
  File "<frozen importlib._bootstrap>", line 488, in _call_with_frames_removed
  File "/Users/daniel/Documents/Bordeless/manim/engines/manim/python_db_elite.py", line 13, in <module>
    with open('assets/brand/tokens.json') as f:
         ^^^^^^^^^^^^^^^^^^^^^^^^^^^^^^^^
FileNotFoundError: [Errno 2] No such file or directory: 'assets/brand/tokens.json'
