Manim Community v0.20.1

[03/26/… WARNING  O utils.p…
18:15:0…          u         
                  t         
                  p         
                  u         
                  t         
                            
                  f         
                  o         
                  r         
                  m         
                  a         
                  t         
                            
                  c         
                  h         
                  a         
                  n         
                  g         
                  e         
                  d         
                            
                  t         
                  o         
                            
                  '         
                  .         
                  w         
                  e         
                  b         
                  m         
                  '         
                            
                  t         
                  o         
                            
                  s         
                  u         
                  p         
                  p         
                  o         
                  r         
                  t         
                            
                  t         
                  r         
                  a         
                  n         
                  s         
                  p         
                  a         
                  r         
                  e         
                  n         
                  c         
                  y         
         WARNING  O utils.p…
                  u         
                  t         
                  p         
                  u         
                  t         
                            
                  f         
                  o         
                  r         
                  m         
                  a         
                  t         
                            
                  s         
                  e         
                  t         
                            
                  a         
                  s         
                            
                  w         
                  e         
                  b         
                  m         
                  ,         
                            
                  t         
                  h         
                  i         
                  s         
                            
                  c         
                  a         
                  n         
                            
                  b         
                  e         
                            
                  s         
                  l         
                  o         
                  w         
                  e         
                  r         
                            
                  t         
                  h         
                  a         
                  n         
                            
                  o         
                  t         
                  h         
                  e         
                  r         
                            
                  f         
                  o         
                  r         
                  m         
                  a         
                  t         
                  s         
