в•ӯв”Җ Traceback (most recent в”Җв•®
в”Ӯ /Users/daniel/.pyenv/ver в”Ӯ
в”Ӯ sions/3.12.3/lib/python3 в”Ӯ
в”Ӯ .12/site-packages/manim/ в”Ӯ
в”Ӯ cli/render/commands.py:1 в”Ӯ
в”Ӯ 25 in render             в”Ӯ
в”Ӯ                          в”Ӯ
в”Ӯ   122 в”Ӯ   в”Ӯ   в”Ӯ   try:   в”Ӯ
в”Ӯ   123 в”Ӯ   в”Ӯ   в”Ӯ   в”Ӯ   wi в”Ӯ
в”Ӯ   124 в”Ӯ   в”Ӯ   в”Ӯ   в”Ӯ   в”Ӯ  в”Ӯ
в”Ӯ вқұ 125 в”Ӯ   в”Ӯ   в”Ӯ   в”Ӯ   в”Ӯ  в”Ӯ
в”Ӯ   126 в”Ӯ   в”Ӯ   в”Ӯ   except в”Ӯ
в”Ӯ   127 в”Ӯ   в”Ӯ   в”Ӯ   в”Ӯ   er в”Ӯ
в”Ӯ   128 в”Ӯ   в”Ӯ   в”Ӯ   в”Ӯ   sy в”Ӯ
в”Ӯ                          в”Ӯ
в”Ӯ /Users/daniel/.pyenv/ver в”Ӯ
в”Ӯ sions/3.12.3/lib/python3 в”Ӯ
в”Ӯ .12/site-packages/manim/ в”Ӯ
в”Ӯ scene/scene.py:259 in    в”Ӯ
в”Ӯ render                   в”Ӯ
в”Ӯ                          в”Ӯ
в”Ӯ    256 в”Ӯ   в”Ӯ   """       в”Ӯ
в”Ӯ    257 в”Ӯ   в”Ӯ   self.setu в”Ӯ
в”Ӯ    258 в”Ӯ   в”Ӯ   try:      в”Ӯ
в”Ӯ вқұ  259 в”Ӯ   в”Ӯ   в”Ӯ   self. в”Ӯ
в”Ӯ    260 в”Ӯ   в”Ӯ   except En в”Ӯ
в”Ӯ    261 в”Ӯ   в”Ӯ   в”Ӯ   pass  в”Ӯ
в”Ӯ    262 в”Ӯ   в”Ӯ   except Re в”Ӯ
в”Ӯ                          в”Ӯ
в”Ӯ /Users/daniel/Documents/ в”Ӯ
в”Ӯ Bordeless/manim/engines/ в”Ӯ
в”Ӯ manim/python_db_elite.py в”Ӯ
в”Ӯ :29 in construct         в”Ӯ
в”Ӯ                          в”Ӯ
в”Ӯ   26 в”Ӯ   в”Ӯ   в”Ӯ   raise F в”Ӯ
в”Ӯ   27 в”Ӯ   в”Ӯ               в”Ӯ
в”Ӯ   28 в”Ӯ   в”Ӯ   # Instancia в”Ӯ
в”Ӯ вқұ 29 в”Ӯ   в”Ӯ   source = SV в”Ӯ
в”Ӯ   30 в”Ӯ   в”Ӯ   dest = SVGM в”Ӯ
в”Ӯ   31 в”Ӯ   в”Ӯ               в”Ӯ
в”Ӯ   32 в”Ӯ   в”Ӯ   # 2. Execut в”Ӯ
в”Ӯ                          в”Ӯ
в”Ӯ /Users/daniel/.pyenv/ver в”Ӯ
в”Ӯ sions/3.12.3/lib/python3 в”Ӯ
в”Ӯ .12/site-packages/manim/ в”Ӯ
в”Ӯ mobject/svg/svg_mobject. в”Ӯ
в”Ӯ py:150 in __init__       в”Ӯ
в”Ӯ                          в”Ӯ
в”Ӯ   147 в”Ӯ   в”Ӯ   в”Ӯ   path_s в”Ӯ
в”Ӯ   148 в”Ӯ   в”Ӯ   self.path_ в”Ӯ
в”Ӯ   149 в”Ӯ   в”Ӯ              в”Ӯ
в”Ӯ вқұ 150 в”Ӯ   в”Ӯ   self.init_ в”Ӯ
в”Ӯ   151 в”Ӯ   в”Ӯ              в”Ӯ
в”Ӯ   152 в”Ӯ   в”Ӯ   self.set_s в”Ӯ
в”Ӯ   153 в”Ӯ   в”Ӯ   в”Ӯ   fill_c в”Ӯ
в”Ӯ                          в”Ӯ
в”Ӯ /Users/daniel/.pyenv/ver в”Ӯ
в”Ӯ sions/3.12.3/lib/python3 в”Ӯ
в”Ӯ .12/site-packages/manim/ в”Ӯ
в”Ӯ mobject/svg/svg_mobject. в”Ӯ
в”Ӯ py:177 in                в”Ӯ
в”Ӯ init_svg_mobject         в”Ӯ
в”Ӯ                          в”Ӯ
в”Ӯ   174 в”Ӯ   в”Ӯ   в”Ӯ   в”Ӯ   se в”Ӯ
в”Ӯ   175 в”Ӯ   в”Ӯ   в”Ӯ   в”Ӯ   re в”Ӯ
в”Ӯ   176 в”Ӯ   в”Ӯ              в”Ӯ
в”Ӯ вқұ 177 в”Ӯ   в”Ӯ   self.gener в”Ӯ
в”Ӯ   178 в”Ӯ   в”Ӯ   if use_svg в”Ӯ
в”Ӯ   179 в”Ӯ   в”Ӯ   в”Ӯ   SVG_HA в”Ӯ
в”Ӯ   180                    в”Ӯ
в”Ӯ                          в”Ӯ
в”Ӯ /Users/daniel/.pyenv/ver в”Ӯ
в”Ӯ sions/3.12.3/lib/python3 в”Ӯ
в”Ӯ .12/site-packages/manim/ в”Ӯ
в”Ӯ mobject/svg/svg_mobject. в”Ӯ
в”Ӯ py:199 in                в”Ӯ
в”Ӯ generate_mobject         в”Ӯ
в”Ӯ                          в”Ӯ
в”Ӯ   196 в”Ӯ   def generate_m в”Ӯ
в”Ӯ   197 в”Ӯ   в”Ӯ   """Parse t в”Ӯ
в”Ӯ   198 в”Ӯ   в”Ӯ   file_path  в”Ӯ
в”Ӯ вқұ 199 в”Ӯ   в”Ӯ   element_tr в”Ӯ
в”Ӯ   200 в”Ӯ   в”Ӯ   new_tree = в”Ӯ
в”Ӯ   201 в”Ӯ   в”Ӯ   # Create a в”Ӯ
в”Ӯ   202 в”Ӯ   в”Ӯ   modified_f в”Ӯ
в”Ӯ                          в”Ӯ
в”Ӯ /Users/daniel/.pyenv/ver в”Ӯ
в”Ӯ sions/3.12.3/lib/python3 в”Ӯ
в”Ӯ .12/xml/etree/ElementTre в”Ӯ
в”Ӯ e.py:1204 in parse       в”Ӯ
в”Ӯ                          в”Ӯ
в”Ӯ   1201 в”Ӯ                 в”Ӯ
в”Ӯ   1202 в”Ӯ   """           в”Ӯ
в”Ӯ   1203 в”Ӯ   tree = Elemen в”Ӯ
в”Ӯ вқұ 1204 в”Ӯ   tree.parse(so в”Ӯ
в”Ӯ   1205 в”Ӯ   return tree   в”Ӯ
в”Ӯ   1206                   в”Ӯ
в”Ӯ   1207                   в”Ӯ
в”Ӯ                          в”Ӯ
в”Ӯ /Users/daniel/.pyenv/ver в”Ӯ
в”Ӯ sions/3.12.3/lib/python3 в”Ӯ
в”Ӯ .12/xml/etree/ElementTre в”Ӯ
в”Ӯ e.py:569 in parse        в”Ӯ
в”Ӯ                          в”Ӯ
в”Ӯ    566 в”Ӯ   в”Ӯ   в”Ӯ   в”Ӯ   в”Ӯ в”Ӯ
в”Ӯ    567 в”Ӯ   в”Ӯ   в”Ӯ   в”Ӯ   в”Ӯ в”Ӯ
в”Ӯ    568 в”Ӯ   в”Ӯ   в”Ӯ   в”Ӯ   в”Ӯ в”Ӯ
в”Ӯ вқұ  569 в”Ӯ   в”Ӯ   в”Ӯ   в”Ӯ   в”Ӯ в”Ӯ
в”Ӯ    570 в”Ӯ   в”Ӯ   в”Ӯ   в”Ӯ   в”Ӯ в”Ӯ
в”Ӯ    571 в”Ӯ   в”Ӯ   в”Ӯ   while в”Ӯ
в”Ӯ    572 в”Ӯ   в”Ӯ   в”Ӯ   в”Ӯ   p в”Ӯ
в•°в”Җв”Җв”Җв”Җв”Җв”Җв”Җв”Җв”Җв”Җв”Җв”Җв”Җв”Җв”Җв”Җв”Җв”Җв”Җв”Җв”Җв”Җв”Җв”Җв”Җв”Җв•Ҝ
в•ӯв”Җв”Җв”Җв”Җв”Җв”Җв”Җв”Җв”Җв”Җв”Җв”Җв”Җв”Җв”Җв”Җв”Җв”Җв”Җв”Җв”Җв”Җв”Җв”Җв”Җв”Җв•®
в”Ӯ                          в”Ӯ
в”Ӯ в–І                        в”Ӯ
в•°в”Җв”Җв”Җв”Җв”Җв”Җв”Җв”Җв”Җв”Җв”Җв”Җв”Җв”Җв”Җв”Җв”Җв”Җв”Җв”Җв”Җв”Җв”Җв”Җв”Җв”Җв•Ҝ
ParseError: no element 
found: line 1, column 0
